<?xml version="1.0" encoding="UTF-8"?>
<!-- Generated by org.testng.reporters.JUnitReportReporter -->
<testsuite hostname="DESKTOP-703RS57" failures="0" tests="1" name="TestngPractice.Annotation" time="0.007" errors="0" timestamp="2022-07-19T12:24:23 IST" skipped="0">
  <testcase classname="TestngPractice.Annotation" name="test" time="0.007"/>
  <system-out/>
</testsuite> <!-- TestngPractice.Annotation -->
