<?xml version="1.0" encoding="UTF-8"?>
<!-- Generated by org.testng.reporters.JUnitReportReporter -->
<testsuite hostname="DESKTOP-703RS57" failures="0" tests="1" name="com.vTigerScenarios.TC_4_Contact_Create_Verifytest" time="27.973" errors="0" timestamp="2022-07-30T18:36:00 IST" skipped="0">
  <testcase classname="com.vTigerScenarios.TC_4_Contact_Create_Verifytest" name="contactCreateTest" time="27.973"/>
  <system-out/>
</testsuite> <!-- com.vTigerScenarios.TC_4_Contact_Create_Verifytest -->
