<?xml version="1.0" encoding="UTF-8"?>
<!-- Generated by org.testng.reporters.JUnitReportReporter -->
<testsuite hostname="DESKTOP-703RS57" failures="0" tests="5" name="com.VTIGER.generic.DataProvider1" time="0.014" errors="0" timestamp="2022-07-19T09:52:28 IST" skipped="0">
  <testcase classname="com.VTIGER.generic.DataProvider1" name="testMMT" time="0.002"/>
  <system-out/>
  <testcase classname="com.VTIGER.generic.DataProvider1" name="testMMT" time="0.002"/>
  <system-out/>
  <testcase classname="com.VTIGER.generic.DataProvider1" name="testMMT" time="0.007"/>
  <system-out/>
  <testcase classname="com.VTIGER.generic.DataProvider1" name="testMMT" time="0.002"/>
  <system-out/>
  <testcase classname="com.VTIGER.generic.DataProvider1" name="testMMT" time="0.001"/>
  <system-out/>
</testsuite> <!-- com.VTIGER.generic.DataProvider1 -->
