<?xml version="1.0" encoding="UTF-8"?>
<!-- Generated by org.testng.reporters.JUnitReportReporter -->
<testsuite hostname="DESKTOP-703RS57" failures="0" tests="1" name="TestngPractice.Annotation1" time="0.001" errors="0" timestamp="2022-07-19T13:49:24 IST" skipped="0">
  <testcase classname="TestngPractice.Annotation1" name="test1" time="0.001"/>
  <system-out/>
</testsuite> <!-- TestngPractice.Annotation1 -->
