<?xml version="1.0" encoding="UTF-8"?>
<!-- Generated by org.testng.reporters.JUnitReportReporter -->
<testsuite hostname="DESKTOP-703RS57" failures="0" tests="1" name="com.vTigerScenarios.TC_3_Org_Name_Create_Deletetest" time="70.960" errors="0" timestamp="2022-07-30T18:36:00 IST" skipped="0">
  <testcase classname="com.vTigerScenarios.TC_3_Org_Name_Create_Deletetest" name="deleteOrgNameTest" time="70.960"/>
  <system-out/>
</testsuite> <!-- com.vTigerScenarios.TC_3_Org_Name_Create_Deletetest -->
