<?xml version="1.0" encoding="UTF-8"?>
<!-- Generated by org.testng.reporters.JUnitReportReporter -->
<testsuite hostname="DESKTOP-703RS57" failures="0" tests="1" name="com.vTigerScenarios.TC_2_OrgName_Create_Verifytest" time="30.499" errors="0" timestamp="2022-07-29T09:38:21 IST" skipped="0">
  <testcase classname="com.vTigerScenarios.TC_2_OrgName_Create_Verifytest" name="orgNameVerifyTest" time="30.499"/>
  <system-out/>
</testsuite> <!-- com.vTigerScenarios.TC_2_OrgName_Create_Verifytest -->
