<?xml version="1.0" encoding="UTF-8"?>
<!-- Generated by org.testng.reporters.JUnitReportReporter -->
<testsuite hostname="DESKTOP-703RS57" failures="0" tests="1" name="JDBC_Practice.executeQuery" time="0.404" errors="0" timestamp="2022-06-28T13:09:22 IST" skipped="0">
  <testcase classname="JDBC_Practice.executeQuery" name="Query" time="0.404"/>
  <system-out/>
</testsuite> <!-- JDBC_Practice.executeQuery -->
