<?xml version="1.0" encoding="UTF-8"?>
<!-- Generated by org.testng.reporters.JUnitReportReporter -->
<testsuite hostname="DESKTOP-703RS57" failures="0" tests="1" name="vTigerScenarios.Org_Nametest" time="18.224" errors="0" timestamp="2022-07-25T09:34:33 IST" skipped="0">
  <testcase classname="vTigerScenarios.Org_Nametest" name="orgNameCreate" time="18.224"/>
  <system-out/>
</testsuite> <!-- vTigerScenarios.Org_Nametest -->
