<?xml version="1.0" encoding="UTF-8"?>
<!-- Generated by org.testng.reporters.JUnitReportReporter -->
<testsuite hostname="DESKTOP-703RS57" failures="0" tests="1" name="vTigerScenarios.Campagin_Name_Create_Deletetest" time="50.412" errors="0" timestamp="2022-07-25T09:34:33 IST" skipped="0">
  <testcase classname="vTigerScenarios.Campagin_Name_Create_Deletetest" name="campaginCreate" time="50.412"/>
  <system-out/>
</testsuite> <!-- vTigerScenarios.Campagin_Name_Create_Deletetest -->
