<?xml version="1.0" encoding="UTF-8"?>
<!-- Generated by org.testng.reporters.JUnitReportReporter -->
<testsuite hostname="DESKTOP-703RS57" failures="0" tests="1" name="vTigerScenarios.Contact_Create_Verifytest" time="23.488" errors="0" timestamp="2022-07-25T09:34:33 IST" skipped="0">
  <testcase classname="vTigerScenarios.Contact_Create_Verifytest" name="contactCreate" time="23.488"/>
  <system-out/>
</testsuite> <!-- vTigerScenarios.Contact_Create_Verifytest -->
