<?xml version="1.0" encoding="UTF-8"?>
<!-- Generated by org.testng.reporters.JUnitReportReporter -->
<testsuite hostname="DESKTOP-703RS57" failures="0" tests="1" name="JDBC_Practice.executeUpdate" time="0.401" errors="0" timestamp="2022-06-28T12:59:49 IST" skipped="0">
  <testcase classname="JDBC_Practice.executeUpdate" name="Update" time="0.401"/>
  <system-out/>
</testsuite> <!-- JDBC_Practice.executeUpdate -->
