<?xml version="1.0" encoding="UTF-8"?>
<!-- Generated by org.testng.reporters.JUnitReportReporter -->
<testsuite hostname="DESKTOP-703RS57" failures="0" tests="3" name="TestngPractice.Annotation2" time="0.016" errors="0" timestamp="2022-07-19T13:49:24 IST" skipped="0">
  <testcase classname="TestngPractice.Annotation2" name="test" time="0.009"/>
  <system-out/>
  <testcase classname="TestngPractice.Annotation2" name="test3" time="0.004"/>
  <system-out/>
  <testcase classname="TestngPractice.Annotation2" name="test4" time="0.003"/>
  <system-out/>
</testsuite> <!-- TestngPractice.Annotation2 -->
