<?xml version="1.0" encoding="UTF-8"?>
<!-- Generated by org.testng.reporters.JUnitReportReporter -->
<testsuite hostname="DESKTOP-703RS57" failures="0" tests="7" name="TestngPractice.Priority" time="0.021" errors="0" timestamp="2022-07-18T13:08:07 IST" skipped="0">
  <testcase classname="TestngPractice.Priority" name="bysimcard" time="0.001"/>
  <system-out/>
  <testcase classname="TestngPractice.Priority" name="bysimcard" time="0.003"/>
  <system-out/>
  <testcase classname="TestngPractice.Priority" name="bysimcard" time="0.003"/>
  <system-out/>
  <testcase classname="TestngPractice.Priority" name="cutomersupport" time="0.002"/>
  <system-out/>
  <testcase classname="TestngPractice.Priority" name="bysimcard" time="0.001"/>
  <system-out/>
  <testcase classname="TestngPractice.Priority" name="bysimcard" time="0.002"/>
  <system-out/>
  <testcase classname="TestngPractice.Priority" name="activatesimcard" time="0.009"/>
  <system-out/>
</testsuite> <!-- TestngPractice.Priority -->
