<?xml version="1.0" encoding="UTF-8"?>
<!-- Generated by org.testng.reporters.JUnitReportReporter -->
<testsuite hostname="DESKTOP-703RS57" failures="0" tests="1" name="vTigerScenarios.OrgName_Create_Verifytest" time="26.056" errors="0" timestamp="2022-07-25T09:37:09 IST" skipped="0">
  <testcase classname="vTigerScenarios.OrgName_Create_Verifytest" name="orgNameVerify" time="26.056"/>
  <system-out/>
</testsuite> <!-- vTigerScenarios.OrgName_Create_Verifytest -->
